<?xml version="1.0" encoding="UTF-8"?>
<testsuite xmlns:xsi="http://www.w3.org/2001/XMLSchema-instance" xsi:noNamespaceSchemaLocation="https://maven.apache.org/surefire/maven-surefire-plugin/xsd/surefire-test-report-3.0.xsd" version="3.0" name="com.example.bookstore.service.OrderServiceTest" time="0.098" tests="5" errors="0" skipped="0" failures="0">
  <properties>
[...]
</properties>
  <testcase name="checkout_null_cart_shouldThrow" classname="com.example.bookstore.service.OrderServiceTest" time="0.004"/>
  <testcase name="cancel_shouldRestoreStock_andVerifySetter" classname="com.example.bookstore.service.OrderServiceTest" time="0.072"/>
  <testcase name="checkout_multipleItems_then_cancel_one_order_should_restore_only_that_book" classname="com.example.bookstore.service.OrderServiceTest" time="0.001"/>
  <testcase name="cancel_null_order_shouldThrow" classname="com.example.bookstore.service.OrderServiceTest" time="0.001"/>
  <testcase name="checkout_shouldReduceStock_andClearCart_andVerifySetStock_withSpyBook" classname="com.example.bookstore.service.OrderServiceTest" time="0.014"/>
</testsuite>